Using pre-set license
Built from '2020.3/staging' branch; Version is '2020.3.0f1 (c7b5465681fb) revision 13088070'; Using compiler version '192528614'; Build Type 'Release'
OS: 'Windows 10 Home; OS build 19042.1348; Version 2009; 64bit' Language: 'ko' Physical Memory: 23983 MB
BatchMode: 1, IsHumanControllingUs: 0, StartBugReporterOnCrash: 0, Is64bit: 1, IsPro: 0

 COMMAND LINE ARGUMENTS:
C:\Program Files\Unity\Hub\Editor\2020.3.0f1\Editor\Unity.exe
-adb2
-batchMode
-noUpm
-name
AssetImportWorker0
-projectPath
G:/GUIProgramming_Last/GUIProgramming_Last/GUIProgramming_Project
-logFile
Logs/AssetImportWorker0.log
-srvPort
64214
Successfully changed project path to: G:/GUIProgramming_Last/GUIProgramming_Last/GUIProgramming_Project
G:/GUIProgramming_Last/GUIProgramming_Last/GUIProgramming_Project
Using Asset Import Pipeline V2.
Refreshing native plugins compatible for Editor in 28.44 ms, found 0 plugins.
Preloading 0 native plugins for Editor in 0.00 ms.
Initialize engine version: 2020.3.0f1 (c7b5465681fb)
[Subsystems] Discovering subsystems at path C:/Program Files/Unity/Hub/Editor/2020.3.0f1/Editor/Data/Resources/UnitySubsystems
[Subsystems] Discovering subsystems at path G:/GUIProgramming_Last/GUIProgramming_Last/GUIProgramming_Project/Assets
GfxDevice: creating device client; threaded=0
Direct3D:
    Version:  Direct3D 11.0 [level 11.1]
    Renderer: NVIDIA GeForce GTX 1650 (ID=0x1f99)
    Vendor:   
    VRAM:     3962 MB
    Driver:   27.21.14.5763
Initialize mono
Mono path[0] = 'C:/Program Files/Unity/Hub/Editor/2020.3.0f1/Editor/Data/Managed'
Mono path[1] = 'C:/Program Files/Unity/Hub/Editor/2020.3.0f1/Editor/Data/MonoBleedingEdge/lib/mono/unityjit'
Mono config path = 'C:/Program Files/Unity/Hub/Editor/2020.3.0f1/Editor/Data/MonoBleedingEdge/etc'
Using monoOptions --debugger-agent=transport=dt_socket,embedding=1,server=y,suspend=n,address=127.0.0.1:56632
Begin MonoManager ReloadAssembly
Registering precompiled unity dll's ...
Register platform support module: C:/Program Files/Unity/Hub/Editor/2020.3.0f1/Editor/Data/PlaybackEngines/WindowsStandaloneSupport/UnityEditor.WindowsStandalone.Extensions.dll
Registered in 0.003286 seconds.
Native extension for WindowsStandalone target not found
Refreshing native plugins compatible for Editor in 27.65 ms, found 0 plugins.
Preloading 0 native plugins for Editor in 0.00 ms.
Invoked RoslynAnalysisRunner static constructor.
RoslynAnalysisRunner will not be running.
RoslynAnalysisRunner has terminated.
Mono: successfully reloaded assembly
- Completed reload, in  1.148 seconds
Platform modules already initialized, skipping
Registering precompiled user dll's ...
Registered in 0.001050 seconds.
Begin MonoManager ReloadAssembly
Native extension for WindowsStandalone target not found
Refreshing native plugins compatible for Editor in 0.30 ms, found 0 plugins.
Preloading 0 native plugins for Editor in 0.00 ms.
Invoked RoslynAnalysisRunner static constructor.
RoslynAnalysisRunner will not be running.
RoslynAnalysisRunner has terminated.
Mono: successfully reloaded assembly
- Completed reload, in  0.843 seconds
Platform modules already initialized, skipping
========================================================================
Worker process is ready to serve import requests
Launched and connected shader compiler UnityShaderCompiler.exe after 0.05 seconds
Refreshing native plugins compatible for Editor in 0.29 ms, found 0 plugins.
Preloading 0 native plugins for Editor in 0.00 ms.
Unloading 1234 Unused Serialized files (Serialized files now loaded: 0)
System memory in use before: 103.5 MB.
System memory in use after: 93.2 MB.

Unloading 69 unused Assets to reduce memory usage. Loaded Objects now: 1637.
Total: 9.699400 ms (FindLiveObjects: 0.424700 ms CreateObjectMapping: 0.061100 ms MarkObjects: 1.849500 ms  DeleteObjects: 7.361500 ms)

========================================================================
Received Import Request.
  path: Assets/New Terrain.asset
  artifactKey: Guid(4da110fa21eb4444c9562d2eb749f374) Importer(815301076,1909f56bfc062723c751e8b465ee728b)
Start importing Assets/New Terrain.asset using Guid(4da110fa21eb4444c9562d2eb749f374) Importer(815301076,1909f56bfc062723c751e8b465ee728b)  -> (artifact id: '46874f6e83d533a71a5ce2309bef682f') in 0.039354 seconds
  Import took 0.041771 seconds .

========================================================================
Received Import Request.
  Time since last request: 0.002168 seconds.
  path: Assets/New Terrain.asset
  artifactKey: Guid(4da110fa21eb4444c9562d2eb749f374) Importer(815301076,1909f56bfc062723c751e8b465ee728b)
Start importing Assets/New Terrain.asset using Guid(4da110fa21eb4444c9562d2eb749f374) Importer(815301076,1909f56bfc062723c751e8b465ee728b)  -> (artifact id: '46874f6e83d533a71a5ce2309bef682f') in 0.008100 seconds
  Import took 0.010761 seconds .

========================================================================
Received Import Request.
  Time since last request: 69.104645 seconds.
  path: Assets/LowpolySimpleHouse/Assets/Material/Green.mat
  artifactKey: Guid(a24d30d3f56981546a66ea64b8117a5f) Importer(815301076,1909f56bfc062723c751e8b465ee728b)
Start importing Assets/LowpolySimpleHouse/Assets/Material/Green.mat using Guid(a24d30d3f56981546a66ea64b8117a5f) Importer(815301076,1909f56bfc062723c751e8b465ee728b)  -> (artifact id: 'c6763dc8afaccbf5806826d2501b3704') in 0.099232 seconds
  Import took 0.101904 seconds .

========================================================================
Received Import Request.
  Time since last request: 0.000615 seconds.
  path: Assets/LowpolySimpleHouse/Assets/Material/Green.mat
  artifactKey: Guid(a24d30d3f56981546a66ea64b8117a5f) Importer(815301076,1909f56bfc062723c751e8b465ee728b)
Start importing Assets/LowpolySimpleHouse/Assets/Material/Green.mat using Guid(a24d30d3f56981546a66ea64b8117a5f) Importer(815301076,1909f56bfc062723c751e8b465ee728b)  -> (artifact id: 'c6763dc8afaccbf5806826d2501b3704') in 0.014945 seconds
  Import took 0.017292 seconds .

========================================================================
Received Prepare
Registering precompiled user dll's ...
Registered in 0.000831 seconds.
Begin MonoManager ReloadAssembly
Native extension for WindowsStandalone target not found
Refreshing native plugins compatible for Editor in 0.31 ms, found 0 plugins.
Preloading 0 native plugins for Editor in 0.00 ms.
Invoked RoslynAnalysisRunner static constructor.
RoslynAnalysisRunner will not be running.
RoslynAnalysisRunner has terminated.
Mono: successfully reloaded assembly
- Completed reload, in  0.741 seconds
Platform modules already initialized, skipping
Refreshing native plugins compatible for Editor in 0.30 ms, found 0 plugins.
Preloading 0 native plugins for Editor in 0.00 ms.
Unloading 1177 Unused Serialized files (Serialized files now loaded: 0)
System memory in use before: 102.3 MB.
System memory in use after: 92.1 MB.

Unloading 64 unused Assets to reduce memory usage. Loaded Objects now: 1681.
Total: 10.303400 ms (FindLiveObjects: 0.342600 ms CreateObjectMapping: 0.081800 ms MarkObjects: 2.118300 ms  DeleteObjects: 7.758100 ms)

========================================================================
Received Prepare
Registering precompiled user dll's ...
Registered in 0.001050 seconds.
Begin MonoManager ReloadAssembly
Native extension for WindowsStandalone target not found
Refreshing native plugins compatible for Editor in 0.30 ms, found 0 plugins.
Preloading 0 native plugins for Editor in 0.00 ms.
Invoked RoslynAnalysisRunner static constructor.
RoslynAnalysisRunner will not be running.
RoslynAnalysisRunner has terminated.
Mono: successfully reloaded assembly
- Completed reload, in  0.753 seconds
Platform modules already initialized, skipping
Refreshing native plugins compatible for Editor in 0.30 ms, found 0 plugins.
Preloading 0 native plugins for Editor in 0.00 ms.
Unloading 1177 Unused Serialized files (Serialized files now loaded: 0)
System memory in use before: 102.3 MB.
System memory in use after: 92.1 MB.

Unloading 64 unused Assets to reduce memory usage. Loaded Objects now: 1684.
Total: 10.667500 ms (FindLiveObjects: 0.298300 ms CreateObjectMapping: 0.059700 ms MarkObjects: 1.700300 ms  DeleteObjects: 8.606800 ms)

========================================================================
Received Prepare
Registering precompiled user dll's ...
Registered in 0.000838 seconds.
Begin MonoManager ReloadAssembly
Native extension for WindowsStandalone target not found
Refreshing native plugins compatible for Editor in 0.30 ms, found 0 plugins.
Preloading 0 native plugins for Editor in 0.00 ms.
Invoked RoslynAnalysisRunner static constructor.
RoslynAnalysisRunner will not be running.
RoslynAnalysisRunner has terminated.
Mono: successfully reloaded assembly
- Completed reload, in  0.718 seconds
Platform modules already initialized, skipping
Refreshing native plugins compatible for Editor in 0.29 ms, found 0 plugins.
Preloading 0 native plugins for Editor in 0.00 ms.
Unloading 1177 Unused Serialized files (Serialized files now loaded: 0)
System memory in use before: 102.4 MB.
System memory in use after: 92.1 MB.

Unloading 64 unused Assets to reduce memory usage. Loaded Objects now: 1687.
Total: 10.902300 ms (FindLiveObjects: 0.288900 ms CreateObjectMapping: 0.060600 ms MarkObjects: 2.112700 ms  DeleteObjects: 8.438000 ms)

========================================================================
Received Prepare
Registering precompiled user dll's ...
Registered in 0.000738 seconds.
Begin MonoManager ReloadAssembly
Native extension for WindowsStandalone target not found
Refreshing native plugins compatible for Editor in 0.32 ms, found 0 plugins.
Preloading 0 native plugins for Editor in 0.00 ms.
Invoked RoslynAnalysisRunner static constructor.
RoslynAnalysisRunner will not be running.
RoslynAnalysisRunner has terminated.
Mono: successfully reloaded assembly
- Completed reload, in  0.729 seconds
Platform modules already initialized, skipping
Refreshing native plugins compatible for Editor in 0.30 ms, found 0 plugins.
Preloading 0 native plugins for Editor in 0.00 ms.
Unloading 1177 Unused Serialized files (Serialized files now loaded: 0)
System memory in use before: 102.4 MB.
System memory in use after: 92.2 MB.

Unloading 64 unused Assets to reduce memory usage. Loaded Objects now: 1690.
Total: 11.133500 ms (FindLiveObjects: 0.482700 ms CreateObjectMapping: 0.057700 ms MarkObjects: 1.517600 ms  DeleteObjects: 9.073000 ms)

========================================================================
Received Prepare
Registering precompiled user dll's ...
Registered in 0.001077 seconds.
Begin MonoManager ReloadAssembly
Native extension for WindowsStandalone target not found
Refreshing native plugins compatible for Editor in 0.30 ms, found 0 plugins.
Preloading 0 native plugins for Editor in 0.00 ms.
Invoked RoslynAnalysisRunner static constructor.
RoslynAnalysisRunner will not be running.
RoslynAnalysisRunner has terminated.
Mono: successfully reloaded assembly
- Completed reload, in  0.760 seconds
Platform modules already initialized, skipping
Refreshing native plugins compatible for Editor in 0.35 ms, found 0 plugins.
Preloading 0 native plugins for Editor in 0.00 ms.
Unloading 1177 Unused Serialized files (Serialized files now loaded: 0)
System memory in use before: 102.5 MB.
System memory in use after: 92.2 MB.

Unloading 64 unused Assets to reduce memory usage. Loaded Objects now: 1693.
Total: 11.086500 ms (FindLiveObjects: 0.266200 ms CreateObjectMapping: 0.036200 ms MarkObjects: 1.705400 ms  DeleteObjects: 9.076700 ms)

========================================================================
Received Prepare
Registering precompiled user dll's ...
Registered in 0.000757 seconds.
Begin MonoManager ReloadAssembly
Native extension for WindowsStandalone target not found
Refreshing native plugins compatible for Editor in 0.35 ms, found 0 plugins.
Preloading 0 native plugins for Editor in 0.00 ms.
Invoked RoslynAnalysisRunner static constructor.
RoslynAnalysisRunner will not be running.
RoslynAnalysisRunner has terminated.
Mono: successfully reloaded assembly
- Completed reload, in  0.769 seconds
Platform modules already initialized, skipping
Refreshing native plugins compatible for Editor in 0.29 ms, found 0 plugins.
Preloading 0 native plugins for Editor in 0.00 ms.
Unloading 1177 Unused Serialized files (Serialized files now loaded: 0)
System memory in use before: 102.5 MB.
System memory in use after: 92.2 MB.

Unloading 64 unused Assets to reduce memory usage. Loaded Objects now: 1696.
Total: 13.174200 ms (FindLiveObjects: 0.659300 ms CreateObjectMapping: 0.130900 ms MarkObjects: 2.196000 ms  DeleteObjects: 10.184800 ms)

========================================================================
Received Prepare
Registering precompiled user dll's ...
Registered in 0.000801 seconds.
Begin MonoManager ReloadAssembly
Native extension for WindowsStandalone target not found
Refreshing native plugins compatible for Editor in 0.30 ms, found 0 plugins.
Preloading 0 native plugins for Editor in 0.00 ms.
Invoked RoslynAnalysisRunner static constructor.
RoslynAnalysisRunner will not be running.
RoslynAnalysisRunner has terminated.
Mono: successfully reloaded assembly
- Completed reload, in  0.735 seconds
Platform modules already initialized, skipping
Refreshing native plugins compatible for Editor in 0.31 ms, found 0 plugins.
Preloading 0 native plugins for Editor in 0.00 ms.
Unloading 1177 Unused Serialized files (Serialized files now loaded: 0)
System memory in use before: 102.3 MB.
System memory in use after: 92.2 MB.

Unloading 64 unused Assets to reduce memory usage. Loaded Objects now: 1699.
Total: 11.751900 ms (FindLiveObjects: 0.294900 ms CreateObjectMapping: 0.076000 ms MarkObjects: 2.104700 ms  DeleteObjects: 9.274400 ms)

========================================================================
Received Prepare
Registering precompiled user dll's ...
Registered in 0.000770 seconds.
Begin MonoManager ReloadAssembly
Native extension for WindowsStandalone target not found
Refreshing native plugins compatible for Editor in 0.30 ms, found 0 plugins.
Preloading 0 native plugins for Editor in 0.00 ms.
Invoked RoslynAnalysisRunner static constructor.
RoslynAnalysisRunner will not be running.
RoslynAnalysisRunner has terminated.
Mono: successfully reloaded assembly
- Completed reload, in  0.728 seconds
Platform modules already initialized, skipping
Refreshing native plugins compatible for Editor in 0.30 ms, found 0 plugins.
Preloading 0 native plugins for Editor in 0.00 ms.
Unloading 1177 Unused Serialized files (Serialized files now loaded: 0)
System memory in use before: 102.4 MB.
System memory in use after: 92.2 MB.

Unloading 64 unused Assets to reduce memory usage. Loaded Objects now: 1702.
Total: 12.884600 ms (FindLiveObjects: 0.274800 ms CreateObjectMapping: 0.060800 ms MarkObjects: 2.198800 ms  DeleteObjects: 10.348200 ms)

========================================================================
Received Prepare
Registering precompiled user dll's ...
Registered in 0.000778 seconds.
Begin MonoManager ReloadAssembly
Native extension for WindowsStandalone target not found
Refreshing native plugins compatible for Editor in 0.30 ms, found 0 plugins.
Preloading 0 native plugins for Editor in 0.00 ms.
Invoked RoslynAnalysisRunner static constructor.
RoslynAnalysisRunner will not be running.
RoslynAnalysisRunner has terminated.
Mono: successfully reloaded assembly
- Completed reload, in  0.784 seconds
Platform modules already initialized, skipping
Refreshing native plugins compatible for Editor in 0.32 ms, found 0 plugins.
Preloading 0 native plugins for Editor in 0.00 ms.
Unloading 1177 Unused Serialized files (Serialized files now loaded: 0)
System memory in use before: 102.5 MB.
System memory in use after: 92.2 MB.

Unloading 64 unused Assets to reduce memory usage. Loaded Objects now: 1705.
Total: 11.439900 ms (FindLiveObjects: 0.416200 ms CreateObjectMapping: 0.058800 ms MarkObjects: 1.479100 ms  DeleteObjects: 9.482800 ms)

========================================================================
Received Prepare
Registering precompiled user dll's ...
Registered in 0.000780 seconds.
Begin MonoManager ReloadAssembly
Native extension for WindowsStandalone target not found
Refreshing native plugins compatible for Editor in 0.30 ms, found 0 plugins.
Preloading 0 native plugins for Editor in 0.00 ms.
Invoked RoslynAnalysisRunner static constructor.
RoslynAnalysisRunner will not be running.
RoslynAnalysisRunner has terminated.
Mono: successfully reloaded assembly
- Completed reload, in  0.741 seconds
Platform modules already initialized, skipping
Refreshing native plugins compatible for Editor in 0.31 ms, found 0 plugins.
Preloading 0 native plugins for Editor in 0.00 ms.
Unloading 1177 Unused Serialized files (Serialized files now loaded: 0)
System memory in use before: 102.4 MB.
System memory in use after: 92.2 MB.

Unloading 64 unused Assets to reduce memory usage. Loaded Objects now: 1708.
Total: 12.938900 ms (FindLiveObjects: 0.214500 ms CreateObjectMapping: 0.036400 ms MarkObjects: 1.430200 ms  DeleteObjects: 11.256300 ms)

========================================================================
Received Import Request.
  Time since last request: 1562.305644 seconds.
  path: Assets/LowpolySimpleHouse/Assets/Prefabs
  artifactKey: Guid(41827e41668a84b41b5b65cc85e788f7) Importer(815301076,1909f56bfc062723c751e8b465ee728b)
Start importing Assets/LowpolySimpleHouse/Assets/Prefabs using Guid(41827e41668a84b41b5b65cc85e788f7) Importer(815301076,1909f56bfc062723c751e8b465ee728b)  -> (artifact id: 'e14e6e8b981efe3c580af5d9cb426c16') in 0.011063 seconds
  Import took 0.013987 seconds .

========================================================================
Received Import Request.
  Time since last request: 5.366036 seconds.
  path: Assets/SD Unity-Chan Haon Custom/_License
  artifactKey: Guid(b00a9c05b5386604fb22f7234b46b63f) Importer(815301076,1909f56bfc062723c751e8b465ee728b)
Start importing Assets/SD Unity-Chan Haon Custom/_License using Guid(b00a9c05b5386604fb22f7234b46b63f) Importer(815301076,1909f56bfc062723c751e8b465ee728b)  -> (artifact id: 'c79f5fc29dc0e9825b33a2cd712f3653') in 0.013711 seconds
  Import took 0.016365 seconds .

AssetImportWorkerClient::OnTransportError - code=2 error=End of file
