Using pre-set license
Built from '2020.3/staging' branch; Version is '2020.3.0f1 (c7b5465681fb) revision 13088070'; Using compiler version '192528614'; Build Type 'Release'
OS: 'Windows 10 Home; OS build 19042.1348; Version 2009; 64bit' Language: 'ko' Physical Memory: 23983 MB
BatchMode: 1, IsHumanControllingUs: 0, StartBugReporterOnCrash: 0, Is64bit: 1, IsPro: 0

 COMMAND LINE ARGUMENTS:
C:\Program Files\Unity\Hub\Editor\2020.3.0f1\Editor\Unity.exe
-adb2
-batchMode
-noUpm
-name
AssetImportWorker0
-projectPath
G:/GUIProgramming_Last/GUIProgramming_Last/GUIProgramming_Project
-logFile
Logs/AssetImportWorker0.log
-srvPort
50526
Successfully changed project path to: G:/GUIProgramming_Last/GUIProgramming_Last/GUIProgramming_Project
G:/GUIProgramming_Last/GUIProgramming_Last/GUIProgramming_Project
Using Asset Import Pipeline V2.
Refreshing native plugins compatible for Editor in 102.86 ms, found 3 plugins.
Preloading 0 native plugins for Editor in 0.00 ms.
Initialize engine version: 2020.3.0f1 (c7b5465681fb)
[Subsystems] Discovering subsystems at path C:/Program Files/Unity/Hub/Editor/2020.3.0f1/Editor/Data/Resources/UnitySubsystems
[Subsystems] Discovering subsystems at path G:/GUIProgramming_Last/GUIProgramming_Last/GUIProgramming_Project/Assets
GfxDevice: creating device client; threaded=0
Direct3D:
    Version:  Direct3D 11.0 [level 11.1]
    Renderer: NVIDIA GeForce GTX 1650 (ID=0x1f99)
    Vendor:   
    VRAM:     3962 MB
    Driver:   27.21.14.5763
Shader Custom/UnlitShadow uses undefined Queue: 'Opaque'

Shader Custom/UnlitShadow uses undefined Queue: 'Opaque'

Initialize mono
Mono path[0] = 'C:/Program Files/Unity/Hub/Editor/2020.3.0f1/Editor/Data/Managed'
Mono path[1] = 'C:/Program Files/Unity/Hub/Editor/2020.3.0f1/Editor/Data/MonoBleedingEdge/lib/mono/unityjit'
Mono config path = 'C:/Program Files/Unity/Hub/Editor/2020.3.0f1/Editor/Data/MonoBleedingEdge/etc'
Using monoOptions --debugger-agent=transport=dt_socket,embedding=1,server=y,suspend=n,address=127.0.0.1:56992
Begin MonoManager ReloadAssembly
Registering precompiled unity dll's ...
Register platform support module: C:/Program Files/Unity/Hub/Editor/2020.3.0f1/Editor/Data/PlaybackEngines/WindowsStandaloneSupport/UnityEditor.WindowsStandalone.Extensions.dll
Registered in 0.002914 seconds.
Native extension for WindowsStandalone target not found
Refreshing native plugins compatible for Editor in 100.99 ms, found 3 plugins.
Preloading 0 native plugins for Editor in 0.00 ms.
Invoked RoslynAnalysisRunner static constructor.
RoslynAnalysisRunner will not be running.
RoslynAnalysisRunner has terminated.
Mono: successfully reloaded assembly
- Completed reload, in  1.208 seconds
Platform modules already initialized, skipping
Registering precompiled user dll's ...
Registered in 0.005610 seconds.
Begin MonoManager ReloadAssembly
Symbol file LoadedFromMemory doesn't match image G:\GUIProgramming_Last\GUIProgramming_Last\GUIProgramming_Project\Library\PackageCache\com.unity.visualscripting@1.6.1\Editor\VisualScripting.Core\Dependencies\YamlDotNet\Unity.VisualScripting.YamlDotNet.dll
Symbol file LoadedFromMemory doesn't match image G:\GUIProgramming_Last\GUIProgramming_Last\GUIProgramming_Project\Library\PackageCache\com.unity.visualscripting@1.6.1\Editor\VisualScripting.Core\Dependencies\DotNetZip\Unity.VisualScripting.IonicZip.dll
Native extension for WindowsStandalone target not found
Refreshing native plugins compatible for Editor in 98.09 ms, found 3 plugins.
Preloading 0 native plugins for Editor in 0.00 ms.
Invoked RoslynAnalysisRunner static constructor.
RoslynAnalysisRunner will not be running.
RoslynAnalysisRunner has terminated.
Mono: successfully reloaded assembly
- Completed reload, in  1.303 seconds
Platform modules already initialized, skipping
========================================================================
Worker process is ready to serve import requests
Shader Custom/UnlitShadow uses undefined Queue: 'Opaque'

Shader Custom/UnlitShadow uses undefined Queue: 'Opaque'

Launched and connected shader compiler UnityShaderCompiler.exe after 0.05 seconds
Refreshing native plugins compatible for Editor in 0.83 ms, found 3 plugins.
Preloading 0 native plugins for Editor in 0.00 ms.
Unloading 3428 Unused Serialized files (Serialized files now loaded: 0)
System memory in use before: 167.5 MB.
System memory in use after: 157.2 MB.

Unloading 85 unused Assets to reduce memory usage. Loaded Objects now: 3824.
Total: 10.429700 ms (FindLiveObjects: 0.464900 ms CreateObjectMapping: 0.102700 ms MarkObjects: 2.396300 ms  DeleteObjects: 7.464300 ms)

========================================================================
Received Import Request.
  path: Assets/Scripts/EnemyController.cs
  artifactKey: Guid(d1f48a6dffee122409e642cc72abb90a) Importer(815301076,1909f56bfc062723c751e8b465ee728b)
Start importing Assets/Scripts/EnemyController.cs using Guid(d1f48a6dffee122409e642cc72abb90a) Importer(815301076,1909f56bfc062723c751e8b465ee728b)  -> (artifact id: '8b6550f2c7c0d7f5ca241d956638071e') in 0.033338 seconds
  Import took 0.038873 seconds .

========================================================================
Received Prepare
Registering precompiled user dll's ...
Registered in 0.004849 seconds.
Begin MonoManager ReloadAssembly
Symbol file LoadedFromMemory doesn't match image G:\GUIProgramming_Last\GUIProgramming_Last\GUIProgramming_Project\Library\PackageCache\com.unity.visualscripting@1.6.1\Editor\VisualScripting.Core\Dependencies\YamlDotNet\Unity.VisualScripting.YamlDotNet.dll
Symbol file LoadedFromMemory doesn't match image G:\GUIProgramming_Last\GUIProgramming_Last\GUIProgramming_Project\Library\PackageCache\com.unity.visualscripting@1.6.1\Editor\VisualScripting.Core\Dependencies\DotNetZip\Unity.VisualScripting.IonicZip.dll
Native extension for WindowsStandalone target not found
Refreshing native plugins compatible for Editor in 0.94 ms, found 3 plugins.
Preloading 0 native plugins for Editor in 0.00 ms.
Invoked RoslynAnalysisRunner static constructor.
RoslynAnalysisRunner will not be running.
RoslynAnalysisRunner has terminated.
Mono: successfully reloaded assembly
- Completed reload, in  1.094 seconds
Platform modules already initialized, skipping
Shader Custom/UnlitShadow uses undefined Queue: 'Opaque'

Shader Custom/UnlitShadow uses undefined Queue: 'Opaque'

Refreshing native plugins compatible for Editor in 0.85 ms, found 3 plugins.
Preloading 0 native plugins for Editor in 0.00 ms.
Unloading 3367 Unused Serialized files (Serialized files now loaded: 0)
System memory in use before: 162.9 MB.
System memory in use after: 152.9 MB.

Unloading 78 unused Assets to reduce memory usage. Loaded Objects now: 3827.
Total: 11.071800 ms (FindLiveObjects: 0.470000 ms CreateObjectMapping: 0.095900 ms MarkObjects: 2.277900 ms  DeleteObjects: 8.225400 ms)

========================================================================
Received Prepare
Registering precompiled user dll's ...
Registered in 0.005241 seconds.
Begin MonoManager ReloadAssembly
Symbol file LoadedFromMemory doesn't match image G:\GUIProgramming_Last\GUIProgramming_Last\GUIProgramming_Project\Library\PackageCache\com.unity.visualscripting@1.6.1\Editor\VisualScripting.Core\Dependencies\YamlDotNet\Unity.VisualScripting.YamlDotNet.dll
Symbol file LoadedFromMemory doesn't match image G:\GUIProgramming_Last\GUIProgramming_Last\GUIProgramming_Project\Library\PackageCache\com.unity.visualscripting@1.6.1\Editor\VisualScripting.Core\Dependencies\DotNetZip\Unity.VisualScripting.IonicZip.dll
Native extension for WindowsStandalone target not found
Refreshing native plugins compatible for Editor in 0.88 ms, found 3 plugins.
Preloading 0 native plugins for Editor in 0.00 ms.
Invoked RoslynAnalysisRunner static constructor.
RoslynAnalysisRunner will not be running.
RoslynAnalysisRunner has terminated.
Mono: successfully reloaded assembly
- Completed reload, in  1.089 seconds
Platform modules already initialized, skipping
Shader Custom/UnlitShadow uses undefined Queue: 'Opaque'

Shader Custom/UnlitShadow uses undefined Queue: 'Opaque'

Refreshing native plugins compatible for Editor in 0.86 ms, found 3 plugins.
Preloading 0 native plugins for Editor in 0.00 ms.
Unloading 3367 Unused Serialized files (Serialized files now loaded: 0)
System memory in use before: 163.2 MB.
System memory in use after: 152.9 MB.

Unloading 78 unused Assets to reduce memory usage. Loaded Objects now: 3830.
Total: 11.754800 ms (FindLiveObjects: 0.522100 ms CreateObjectMapping: 0.186500 ms MarkObjects: 2.612700 ms  DeleteObjects: 8.431300 ms)

========================================================================
Received Prepare
Registering precompiled user dll's ...
Registered in 0.006181 seconds.
Begin MonoManager ReloadAssembly
Symbol file LoadedFromMemory doesn't match image G:\GUIProgramming_Last\GUIProgramming_Last\GUIProgramming_Project\Library\PackageCache\com.unity.visualscripting@1.6.1\Editor\VisualScripting.Core\Dependencies\YamlDotNet\Unity.VisualScripting.YamlDotNet.dll
Symbol file LoadedFromMemory doesn't match image G:\GUIProgramming_Last\GUIProgramming_Last\GUIProgramming_Project\Library\PackageCache\com.unity.visualscripting@1.6.1\Editor\VisualScripting.Core\Dependencies\DotNetZip\Unity.VisualScripting.IonicZip.dll
Native extension for WindowsStandalone target not found
Refreshing native plugins compatible for Editor in 0.88 ms, found 3 plugins.
Preloading 0 native plugins for Editor in 0.00 ms.
Invoked RoslynAnalysisRunner static constructor.
RoslynAnalysisRunner will not be running.
RoslynAnalysisRunner has terminated.
Mono: successfully reloaded assembly
- Completed reload, in  1.069 seconds
Platform modules already initialized, skipping
Shader Custom/UnlitShadow uses undefined Queue: 'Opaque'

Shader Custom/UnlitShadow uses undefined Queue: 'Opaque'

Refreshing native plugins compatible for Editor in 0.85 ms, found 3 plugins.
Preloading 0 native plugins for Editor in 0.00 ms.
Unloading 3367 Unused Serialized files (Serialized files now loaded: 0)
System memory in use before: 163.2 MB.
System memory in use after: 153.0 MB.

Unloading 78 unused Assets to reduce memory usage. Loaded Objects now: 3833.
Total: 11.636800 ms (FindLiveObjects: 0.593800 ms CreateObjectMapping: 0.089800 ms MarkObjects: 2.283600 ms  DeleteObjects: 8.667300 ms)

========================================================================
Received Import Request.
  Time since last request: 108.006251 seconds.
  path: Assets/Scripts/EnemyController.cs
  artifactKey: Guid(d1f48a6dffee122409e642cc72abb90a) Importer(815301076,1909f56bfc062723c751e8b465ee728b)
Start importing Assets/Scripts/EnemyController.cs using Guid(d1f48a6dffee122409e642cc72abb90a) Importer(815301076,1909f56bfc062723c751e8b465ee728b)  -> (artifact id: '15a3f5307da0e3536b07f09384cbdd5e') in 0.007797 seconds
  Import took 0.013325 seconds .

========================================================================
Received Import Request.
  Time since last request: 110.061931 seconds.
  path: Assets/RPG Monster Duo PBR Polyart/Animators/TurtleShell.controller
  artifactKey: Guid(1b58d63f942126347865fbdde70e67c5) Importer(815301076,1909f56bfc062723c751e8b465ee728b)
Start importing Assets/RPG Monster Duo PBR Polyart/Animators/TurtleShell.controller using Guid(1b58d63f942126347865fbdde70e67c5) Importer(815301076,1909f56bfc062723c751e8b465ee728b)  -> (artifact id: 'fa95894aee52f457e26796b720ff93e3') in 0.032535 seconds
  Import took 0.039246 seconds .

========================================================================
Received Prepare
Registering precompiled user dll's ...
Registered in 0.005456 seconds.
Begin MonoManager ReloadAssembly
Symbol file LoadedFromMemory doesn't match image G:\GUIProgramming_Last\GUIProgramming_Last\GUIProgramming_Project\Library\PackageCache\com.unity.visualscripting@1.6.1\Editor\VisualScripting.Core\Dependencies\YamlDotNet\Unity.VisualScripting.YamlDotNet.dll
Symbol file LoadedFromMemory doesn't match image G:\GUIProgramming_Last\GUIProgramming_Last\GUIProgramming_Project\Library\PackageCache\com.unity.visualscripting@1.6.1\Editor\VisualScripting.Core\Dependencies\DotNetZip\Unity.VisualScripting.IonicZip.dll
Native extension for WindowsStandalone target not found
Refreshing native plugins compatible for Editor in 0.87 ms, found 3 plugins.
Preloading 0 native plugins for Editor in 0.00 ms.
Invoked RoslynAnalysisRunner static constructor.
RoslynAnalysisRunner will not be running.
RoslynAnalysisRunner has terminated.
Mono: successfully reloaded assembly
- Completed reload, in  1.039 seconds
Platform modules already initialized, skipping
Shader Custom/UnlitShadow uses undefined Queue: 'Opaque'

Shader Custom/UnlitShadow uses undefined Queue: 'Opaque'

Refreshing native plugins compatible for Editor in 0.87 ms, found 3 plugins.
Preloading 0 native plugins for Editor in 0.00 ms.
Unloading 3367 Unused Serialized files (Serialized files now loaded: 0)
System memory in use before: 163.3 MB.
System memory in use after: 153.1 MB.

Unloading 78 unused Assets to reduce memory usage. Loaded Objects now: 3836.
Total: 12.044700 ms (FindLiveObjects: 0.544900 ms CreateObjectMapping: 0.104400 ms MarkObjects: 2.282000 ms  DeleteObjects: 9.111500 ms)

========================================================================
Received Import Request.
  Time since last request: 116.904026 seconds.
  path: Assets/RPG Monster Duo PBR Polyart/Animators/TurtleShell.controller
  artifactKey: Guid(1b58d63f942126347865fbdde70e67c5) Importer(815301076,1909f56bfc062723c751e8b465ee728b)
Start importing Assets/RPG Monster Duo PBR Polyart/Animators/TurtleShell.controller using Guid(1b58d63f942126347865fbdde70e67c5) Importer(815301076,1909f56bfc062723c751e8b465ee728b)  -> (artifact id: '7ede311fa71fbeecfee4bbe7d55500cc') in 0.030327 seconds
  Import took 0.036898 seconds .

========================================================================
Received Import Request.
  Time since last request: 31.886861 seconds.
  path: Assets/RPG Monster Duo PBR Polyart/Animators/TurtleShell.controller
  artifactKey: Guid(1b58d63f942126347865fbdde70e67c5) Importer(815301076,1909f56bfc062723c751e8b465ee728b)
Start importing Assets/RPG Monster Duo PBR Polyart/Animators/TurtleShell.controller using Guid(1b58d63f942126347865fbdde70e67c5) Importer(815301076,1909f56bfc062723c751e8b465ee728b)  -> (artifact id: 'c060aa737edc27bf8128c50d0fe7749f') in 0.013764 seconds
  Import took 0.019711 seconds .

========================================================================
Received Import Request.
  Time since last request: 22.331862 seconds.
  path: Assets/RPG Monster Duo PBR Polyart/Animators/TurtleShell.controller
  artifactKey: Guid(1b58d63f942126347865fbdde70e67c5) Importer(815301076,1909f56bfc062723c751e8b465ee728b)
Start importing Assets/RPG Monster Duo PBR Polyart/Animators/TurtleShell.controller using Guid(1b58d63f942126347865fbdde70e67c5) Importer(815301076,1909f56bfc062723c751e8b465ee728b)  -> (artifact id: '80952d6666c4711fc66919eb085ea874') in 0.014129 seconds
  Import took 0.021152 seconds .

========================================================================
Received Prepare
Registering precompiled user dll's ...
Registered in 0.005045 seconds.
Begin MonoManager ReloadAssembly
Symbol file LoadedFromMemory doesn't match image G:\GUIProgramming_Last\GUIProgramming_Last\GUIProgramming_Project\Library\PackageCache\com.unity.visualscripting@1.6.1\Editor\VisualScripting.Core\Dependencies\YamlDotNet\Unity.VisualScripting.YamlDotNet.dll
Symbol file LoadedFromMemory doesn't match image G:\GUIProgramming_Last\GUIProgramming_Last\GUIProgramming_Project\Library\PackageCache\com.unity.visualscripting@1.6.1\Editor\VisualScripting.Core\Dependencies\DotNetZip\Unity.VisualScripting.IonicZip.dll
Native extension for WindowsStandalone target not found
Refreshing native plugins compatible for Editor in 0.88 ms, found 3 plugins.
Preloading 0 native plugins for Editor in 0.00 ms.
Invoked RoslynAnalysisRunner static constructor.
RoslynAnalysisRunner will not be running.
RoslynAnalysisRunner has terminated.
Mono: successfully reloaded assembly
- Completed reload, in  1.110 seconds
Platform modules already initialized, skipping
Shader Custom/UnlitShadow uses undefined Queue: 'Opaque'

Shader Custom/UnlitShadow uses undefined Queue: 'Opaque'

Refreshing native plugins compatible for Editor in 0.85 ms, found 3 plugins.
Preloading 0 native plugins for Editor in 0.00 ms.
Unloading 3367 Unused Serialized files (Serialized files now loaded: 0)
System memory in use before: 163.3 MB.
System memory in use after: 153.1 MB.

Unloading 78 unused Assets to reduce memory usage. Loaded Objects now: 3839.
Total: 13.206400 ms (FindLiveObjects: 0.534300 ms CreateObjectMapping: 0.207200 ms MarkObjects: 2.617100 ms  DeleteObjects: 9.845700 ms)

========================================================================
Received Prepare
Registering precompiled user dll's ...
Registered in 0.005531 seconds.
Begin MonoManager ReloadAssembly
Symbol file LoadedFromMemory doesn't match image G:\GUIProgramming_Last\GUIProgramming_Last\GUIProgramming_Project\Library\PackageCache\com.unity.visualscripting@1.6.1\Editor\VisualScripting.Core\Dependencies\YamlDotNet\Unity.VisualScripting.YamlDotNet.dll
Symbol file LoadedFromMemory doesn't match image G:\GUIProgramming_Last\GUIProgramming_Last\GUIProgramming_Project\Library\PackageCache\com.unity.visualscripting@1.6.1\Editor\VisualScripting.Core\Dependencies\DotNetZip\Unity.VisualScripting.IonicZip.dll
Native extension for WindowsStandalone target not found
Refreshing native plugins compatible for Editor in 0.85 ms, found 3 plugins.
Preloading 0 native plugins for Editor in 0.00 ms.
Invoked RoslynAnalysisRunner static constructor.
RoslynAnalysisRunner will not be running.
RoslynAnalysisRunner has terminated.
Mono: successfully reloaded assembly
- Completed reload, in  1.183 seconds
Platform modules already initialized, skipping
Shader Custom/UnlitShadow uses undefined Queue: 'Opaque'

Shader Custom/UnlitShadow uses undefined Queue: 'Opaque'

Refreshing native plugins compatible for Editor in 0.86 ms, found 3 plugins.
Preloading 0 native plugins for Editor in 0.00 ms.
Unloading 3367 Unused Serialized files (Serialized files now loaded: 0)
System memory in use before: 163.4 MB.
System memory in use after: 153.2 MB.

Unloading 78 unused Assets to reduce memory usage. Loaded Objects now: 3842.
Total: 12.598800 ms (FindLiveObjects: 0.393700 ms CreateObjectMapping: 0.091700 ms MarkObjects: 2.313500 ms  DeleteObjects: 9.798100 ms)

========================================================================
Received Prepare
Registering precompiled user dll's ...
Registered in 0.006659 seconds.
Begin MonoManager ReloadAssembly
Symbol file LoadedFromMemory doesn't match image G:\GUIProgramming_Last\GUIProgramming_Last\GUIProgramming_Project\Library\PackageCache\com.unity.visualscripting@1.6.1\Editor\VisualScripting.Core\Dependencies\YamlDotNet\Unity.VisualScripting.YamlDotNet.dll
Symbol file LoadedFromMemory doesn't match image G:\GUIProgramming_Last\GUIProgramming_Last\GUIProgramming_Project\Library\PackageCache\com.unity.visualscripting@1.6.1\Editor\VisualScripting.Core\Dependencies\DotNetZip\Unity.VisualScripting.IonicZip.dll
Native extension for WindowsStandalone target not found
Refreshing native plugins compatible for Editor in 0.97 ms, found 3 plugins.
Preloading 0 native plugins for Editor in 0.00 ms.
Invoked RoslynAnalysisRunner static constructor.
RoslynAnalysisRunner will not be running.
RoslynAnalysisRunner has terminated.
Mono: successfully reloaded assembly
- Completed reload, in  1.089 seconds
Platform modules already initialized, skipping
Shader Custom/UnlitShadow uses undefined Queue: 'Opaque'

Shader Custom/UnlitShadow uses undefined Queue: 'Opaque'

Refreshing native plugins compatible for Editor in 0.87 ms, found 3 plugins.
Preloading 0 native plugins for Editor in 0.00 ms.
Unloading 3367 Unused Serialized files (Serialized files now loaded: 0)
System memory in use before: 163.3 MB.
System memory in use after: 153.2 MB.

Unloading 78 unused Assets to reduce memory usage. Loaded Objects now: 3845.
Total: 12.940100 ms (FindLiveObjects: 0.577200 ms CreateObjectMapping: 0.099200 ms MarkObjects: 2.389000 ms  DeleteObjects: 9.872600 ms)

========================================================================
Received Prepare
Registering precompiled user dll's ...
Registered in 0.004770 seconds.
Begin MonoManager ReloadAssembly
Symbol file LoadedFromMemory doesn't match image G:\GUIProgramming_Last\GUIProgramming_Last\GUIProgramming_Project\Library\PackageCache\com.unity.visualscripting@1.6.1\Editor\VisualScripting.Core\Dependencies\YamlDotNet\Unity.VisualScripting.YamlDotNet.dll
Symbol file LoadedFromMemory doesn't match image G:\GUIProgramming_Last\GUIProgramming_Last\GUIProgramming_Project\Library\PackageCache\com.unity.visualscripting@1.6.1\Editor\VisualScripting.Core\Dependencies\DotNetZip\Unity.VisualScripting.IonicZip.dll
Native extension for WindowsStandalone target not found
Refreshing native plugins compatible for Editor in 0.95 ms, found 3 plugins.
Preloading 0 native plugins for Editor in 0.00 ms.
Invoked RoslynAnalysisRunner static constructor.
RoslynAnalysisRunner will not be running.
RoslynAnalysisRunner has terminated.
Mono: successfully reloaded assembly
- Completed reload, in  1.147 seconds
Platform modules already initialized, skipping
Shader Custom/UnlitShadow uses undefined Queue: 'Opaque'

Shader Custom/UnlitShadow uses undefined Queue: 'Opaque'

Refreshing native plugins compatible for Editor in 1.54 ms, found 3 plugins.
Preloading 0 native plugins for Editor in 0.00 ms.
Unloading 3367 Unused Serialized files (Serialized files now loaded: 0)
System memory in use before: 163.3 MB.
System memory in use after: 153.2 MB.

Unloading 78 unused Assets to reduce memory usage. Loaded Objects now: 3848.
Total: 19.260700 ms (FindLiveObjects: 0.563100 ms CreateObjectMapping: 0.217500 ms MarkObjects: 4.284300 ms  DeleteObjects: 14.193300 ms)

========================================================================
Received Prepare
Registering precompiled user dll's ...
Registered in 0.010835 seconds.
Begin MonoManager ReloadAssembly
Symbol file LoadedFromMemory doesn't match image G:\GUIProgramming_Last\GUIProgramming_Last\GUIProgramming_Project\Library\PackageCache\com.unity.visualscripting@1.6.1\Editor\VisualScripting.Core\Dependencies\YamlDotNet\Unity.VisualScripting.YamlDotNet.dll
Symbol file LoadedFromMemory doesn't match image G:\GUIProgramming_Last\GUIProgramming_Last\GUIProgramming_Project\Library\PackageCache\com.unity.visualscripting@1.6.1\Editor\VisualScripting.Core\Dependencies\DotNetZip\Unity.VisualScripting.IonicZip.dll
Native extension for WindowsStandalone target not found
Refreshing native plugins compatible for Editor in 0.95 ms, found 3 plugins.
Preloading 0 native plugins for Editor in 0.00 ms.
Invoked RoslynAnalysisRunner static constructor.
RoslynAnalysisRunner will not be running.
RoslynAnalysisRunner has terminated.
Mono: successfully reloaded assembly
- Completed reload, in  1.233 seconds
Platform modules already initialized, skipping
Shader Custom/UnlitShadow uses undefined Queue: 'Opaque'

Shader Custom/UnlitShadow uses undefined Queue: 'Opaque'

Refreshing native plugins compatible for Editor in 0.92 ms, found 3 plugins.
Preloading 0 native plugins for Editor in 0.00 ms.
Unloading 3367 Unused Serialized files (Serialized files now loaded: 0)
System memory in use before: 163.3 MB.
System memory in use after: 153.2 MB.

Unloading 78 unused Assets to reduce memory usage. Loaded Objects now: 3851.
Total: 14.045000 ms (FindLiveObjects: 0.494200 ms CreateObjectMapping: 0.167000 ms MarkObjects: 2.520100 ms  DeleteObjects: 10.862000 ms)

========================================================================
Received Prepare
Registering precompiled user dll's ...
Registered in 0.005546 seconds.
Begin MonoManager ReloadAssembly
Symbol file LoadedFromMemory doesn't match image G:\GUIProgramming_Last\GUIProgramming_Last\GUIProgramming_Project\Library\PackageCache\com.unity.visualscripting@1.6.1\Editor\VisualScripting.Core\Dependencies\YamlDotNet\Unity.VisualScripting.YamlDotNet.dll
Symbol file LoadedFromMemory doesn't match image G:\GUIProgramming_Last\GUIProgramming_Last\GUIProgramming_Project\Library\PackageCache\com.unity.visualscripting@1.6.1\Editor\VisualScripting.Core\Dependencies\DotNetZip\Unity.VisualScripting.IonicZip.dll
Native extension for WindowsStandalone target not found
Refreshing native plugins compatible for Editor in 0.93 ms, found 3 plugins.
Preloading 0 native plugins for Editor in 0.00 ms.
Invoked RoslynAnalysisRunner static constructor.
RoslynAnalysisRunner will not be running.
RoslynAnalysisRunner has terminated.
Mono: successfully reloaded assembly
- Completed reload, in  1.133 seconds
Platform modules already initialized, skipping
Shader Custom/UnlitShadow uses undefined Queue: 'Opaque'

Shader Custom/UnlitShadow uses undefined Queue: 'Opaque'

Refreshing native plugins compatible for Editor in 0.87 ms, found 3 plugins.
Preloading 0 native plugins for Editor in 0.00 ms.
Unloading 3367 Unused Serialized files (Serialized files now loaded: 0)
System memory in use before: 163.3 MB.
System memory in use after: 153.2 MB.

Unloading 78 unused Assets to reduce memory usage. Loaded Objects now: 3854.
Total: 13.997500 ms (FindLiveObjects: 0.489400 ms CreateObjectMapping: 0.101200 ms MarkObjects: 2.932700 ms  DeleteObjects: 10.472200 ms)

========================================================================
Received Prepare
Registering precompiled user dll's ...
Registered in 0.007094 seconds.
Begin MonoManager ReloadAssembly
Symbol file LoadedFromMemory doesn't match image G:\GUIProgramming_Last\GUIProgramming_Last\GUIProgramming_Project\Library\PackageCache\com.unity.visualscripting@1.6.1\Editor\VisualScripting.Core\Dependencies\YamlDotNet\Unity.VisualScripting.YamlDotNet.dll
Symbol file LoadedFromMemory doesn't match image G:\GUIProgramming_Last\GUIProgramming_Last\GUIProgramming_Project\Library\PackageCache\com.unity.visualscripting@1.6.1\Editor\VisualScripting.Core\Dependencies\DotNetZip\Unity.VisualScripting.IonicZip.dll
Native extension for WindowsStandalone target not found
Refreshing native plugins compatible for Editor in 0.91 ms, found 3 plugins.
Preloading 0 native plugins for Editor in 0.00 ms.
Invoked RoslynAnalysisRunner static constructor.
RoslynAnalysisRunner will not be running.
RoslynAnalysisRunner has terminated.
Mono: successfully reloaded assembly
- Completed reload, in  1.068 seconds
Platform modules already initialized, skipping
Shader Custom/UnlitShadow uses undefined Queue: 'Opaque'

Shader Custom/UnlitShadow uses undefined Queue: 'Opaque'

Refreshing native plugins compatible for Editor in 0.89 ms, found 3 plugins.
Preloading 0 native plugins for Editor in 0.00 ms.
Unloading 3367 Unused Serialized files (Serialized files now loaded: 0)
System memory in use before: 163.3 MB.
System memory in use after: 153.2 MB.

Unloading 78 unused Assets to reduce memory usage. Loaded Objects now: 3857.
Total: 14.281400 ms (FindLiveObjects: 0.721500 ms CreateObjectMapping: 0.211200 ms MarkObjects: 2.406100 ms  DeleteObjects: 10.940000 ms)

========================================================================
Received Import Request.
  Time since last request: 1016.433005 seconds.
  path: Assets/Enemy.cs
  artifactKey: Guid(0e7d78b729bb87d4a9d7f4876bfca393) Importer(815301076,1909f56bfc062723c751e8b465ee728b)
Start importing Assets/Enemy.cs using Guid(0e7d78b729bb87d4a9d7f4876bfca393) Importer(815301076,1909f56bfc062723c751e8b465ee728b)  -> (artifact id: 'b03478f6c29928241e10d9252cc9249a') in 0.012870 seconds
  Import took 0.019116 seconds .

========================================================================
Received Import Request.
  Time since last request: 0.001682 seconds.
  path: Assets/Enemy.cs
  artifactKey: Guid(0e7d78b729bb87d4a9d7f4876bfca393) Importer(815301076,1909f56bfc062723c751e8b465ee728b)
Start importing Assets/Enemy.cs using Guid(0e7d78b729bb87d4a9d7f4876bfca393) Importer(815301076,1909f56bfc062723c751e8b465ee728b)  -> (artifact id: 'b03478f6c29928241e10d9252cc9249a') in 0.003327 seconds
  Import took 0.008637 seconds .

========================================================================
Received Import Request.
  Time since last request: 0.301333 seconds.
  path: Assets/CharacterZoom.cs
  artifactKey: Guid(d13b7cdae17005940803b2466b2112de) Importer(815301076,1909f56bfc062723c751e8b465ee728b)
Start importing Assets/CharacterZoom.cs using Guid(d13b7cdae17005940803b2466b2112de) Importer(815301076,1909f56bfc062723c751e8b465ee728b)  -> (artifact id: '978264c09bbb0dce98d72e4a02f7e9cd') in 0.008368 seconds
  Import took 0.014604 seconds .

========================================================================
Received Prepare
Registering precompiled user dll's ...
Registered in 0.005374 seconds.
Begin MonoManager ReloadAssembly
Symbol file LoadedFromMemory doesn't match image G:\GUIProgramming_Last\GUIProgramming_Last\GUIProgramming_Project\Library\PackageCache\com.unity.visualscripting@1.6.1\Editor\VisualScripting.Core\Dependencies\YamlDotNet\Unity.VisualScripting.YamlDotNet.dll
Symbol file LoadedFromMemory doesn't match image G:\GUIProgramming_Last\GUIProgramming_Last\GUIProgramming_Project\Library\PackageCache\com.unity.visualscripting@1.6.1\Editor\VisualScripting.Core\Dependencies\DotNetZip\Unity.VisualScripting.IonicZip.dll
Native extension for WindowsStandalone target not found
Refreshing native plugins compatible for Editor in 0.87 ms, found 3 plugins.
Preloading 0 native plugins for Editor in 0.00 ms.
Invoked RoslynAnalysisRunner static constructor.
RoslynAnalysisRunner will not be running.
RoslynAnalysisRunner has terminated.
Mono: successfully reloaded assembly
- Completed reload, in  1.051 seconds
Platform modules already initialized, skipping
Shader Custom/UnlitShadow uses undefined Queue: 'Opaque'

Shader Custom/UnlitShadow uses undefined Queue: 'Opaque'

Refreshing native plugins compatible for Editor in 0.87 ms, found 3 plugins.
Preloading 0 native plugins for Editor in 0.00 ms.
Unloading 3367 Unused Serialized files (Serialized files now loaded: 0)
System memory in use before: 163.5 MB.
System memory in use after: 153.2 MB.

Unloading 78 unused Assets to reduce memory usage. Loaded Objects now: 3860.
Total: 13.665800 ms (FindLiveObjects: 0.540000 ms CreateObjectMapping: 0.099600 ms MarkObjects: 2.245900 ms  DeleteObjects: 10.778200 ms)

========================================================================
Received Import Request.
  Time since last request: 15517.179055 seconds.
  path: Assets/Toon Forest free set/Mesh/Fllower_A.fbx
  artifactKey: Guid(32d182b37e3e13a479d6a74dcdd5fa61) Importer(815301076,1909f56bfc062723c751e8b465ee728b)
Start importing Assets/Toon Forest free set/Mesh/Fllower_A.fbx using Guid(32d182b37e3e13a479d6a74dcdd5fa61) Importer(815301076,1909f56bfc062723c751e8b465ee728b)  -> (artifact id: 'f1bd558edca966e625252cac0283a9dd') in 0.144041 seconds
  Import took 0.150961 seconds .

========================================================================
Received Prepare
Registering precompiled user dll's ...
Registered in 0.006889 seconds.
Begin MonoManager ReloadAssembly
Symbol file LoadedFromMemory doesn't match image G:\GUIProgramming_Last\GUIProgramming_Last\GUIProgramming_Project\Library\PackageCache\com.unity.visualscripting@1.6.1\Editor\VisualScripting.Core\Dependencies\YamlDotNet\Unity.VisualScripting.YamlDotNet.dll
Symbol file LoadedFromMemory doesn't match image G:\GUIProgramming_Last\GUIProgramming_Last\GUIProgramming_Project\Library\PackageCache\com.unity.visualscripting@1.6.1\Editor\VisualScripting.Core\Dependencies\DotNetZip\Unity.VisualScripting.IonicZip.dll
Native extension for WindowsStandalone target not found
Refreshing native plugins compatible for Editor in 0.89 ms, found 3 plugins.
Preloading 0 native plugins for Editor in 0.00 ms.
Invoked RoslynAnalysisRunner static constructor.
RoslynAnalysisRunner will not be running.
RoslynAnalysisRunner has terminated.
Mono: successfully reloaded assembly
- Completed reload, in  1.053 seconds
Platform modules already initialized, skipping
Shader Custom/UnlitShadow uses undefined Queue: 'Opaque'

Shader Custom/UnlitShadow uses undefined Queue: 'Opaque'

Refreshing native plugins compatible for Editor in 0.87 ms, found 3 plugins.
Preloading 0 native plugins for Editor in 0.00 ms.
Unloading 3367 Unused Serialized files (Serialized files now loaded: 0)
System memory in use before: 166.7 MB.
System memory in use after: 156.5 MB.

Unloading 78 unused Assets to reduce memory usage. Loaded Objects now: 3873.
Total: 13.591000 ms (FindLiveObjects: 0.455900 ms CreateObjectMapping: 0.117300 ms MarkObjects: 2.365600 ms  DeleteObjects: 10.650900 ms)

========================================================================
Received Prepare
Registering precompiled user dll's ...
Registered in 0.004738 seconds.
Begin MonoManager ReloadAssembly
Symbol file LoadedFromMemory doesn't match image G:\GUIProgramming_Last\GUIProgramming_Last\GUIProgramming_Project\Library\PackageCache\com.unity.visualscripting@1.6.1\Editor\VisualScripting.Core\Dependencies\YamlDotNet\Unity.VisualScripting.YamlDotNet.dll
Symbol file LoadedFromMemory doesn't match image G:\GUIProgramming_Last\GUIProgramming_Last\GUIProgramming_Project\Library\PackageCache\com.unity.visualscripting@1.6.1\Editor\VisualScripting.Core\Dependencies\DotNetZip\Unity.VisualScripting.IonicZip.dll
Native extension for WindowsStandalone target not found
Refreshing native plugins compatible for Editor in 0.89 ms, found 3 plugins.
Preloading 0 native plugins for Editor in 0.00 ms.
Invoked RoslynAnalysisRunner static constructor.
RoslynAnalysisRunner will not be running.
RoslynAnalysisRunner has terminated.
Mono: successfully reloaded assembly
- Completed reload, in  1.031 seconds
Platform modules already initialized, skipping
Shader Custom/UnlitShadow uses undefined Queue: 'Opaque'

Shader Custom/UnlitShadow uses undefined Queue: 'Opaque'

Refreshing native plugins compatible for Editor in 0.87 ms, found 3 plugins.
Preloading 0 native plugins for Editor in 0.00 ms.
Unloading 3367 Unused Serialized files (Serialized files now loaded: 0)
System memory in use before: 166.7 MB.
System memory in use after: 156.5 MB.

Unloading 78 unused Assets to reduce memory usage. Loaded Objects now: 3876.
Total: 13.359000 ms (FindLiveObjects: 0.594800 ms CreateObjectMapping: 0.101800 ms MarkObjects: 2.372900 ms  DeleteObjects: 10.287200 ms)

========================================================================
Received Prepare
Registering precompiled user dll's ...
Registered in 0.005106 seconds.
Begin MonoManager ReloadAssembly
Symbol file LoadedFromMemory doesn't match image G:\GUIProgramming_Last\GUIProgramming_Last\GUIProgramming_Project\Library\PackageCache\com.unity.visualscripting@1.6.1\Editor\VisualScripting.Core\Dependencies\YamlDotNet\Unity.VisualScripting.YamlDotNet.dll
Symbol file LoadedFromMemory doesn't match image G:\GUIProgramming_Last\GUIProgramming_Last\GUIProgramming_Project\Library\PackageCache\com.unity.visualscripting@1.6.1\Editor\VisualScripting.Core\Dependencies\DotNetZip\Unity.VisualScripting.IonicZip.dll
Native extension for WindowsStandalone target not found
Refreshing native plugins compatible for Editor in 0.89 ms, found 3 plugins.
Preloading 0 native plugins for Editor in 0.00 ms.
Invoked RoslynAnalysisRunner static constructor.
RoslynAnalysisRunner will not be running.
RoslynAnalysisRunner has terminated.
Mono: successfully reloaded assembly
- Completed reload, in  1.036 seconds
Platform modules already initialized, skipping
Shader Custom/UnlitShadow uses undefined Queue: 'Opaque'

Shader Custom/UnlitShadow uses undefined Queue: 'Opaque'

Refreshing native plugins compatible for Editor in 0.91 ms, found 3 plugins.
Preloading 0 native plugins for Editor in 0.00 ms.
Unloading 3367 Unused Serialized files (Serialized files now loaded: 0)
System memory in use before: 166.6 MB.
System memory in use after: 156.5 MB.

Unloading 78 unused Assets to reduce memory usage. Loaded Objects now: 3879.
Total: 14.855700 ms (FindLiveObjects: 0.516700 ms CreateObjectMapping: 0.161800 ms MarkObjects: 2.504300 ms  DeleteObjects: 11.671200 ms)

AssetImportWorkerClient::OnTransportError - code=2 error=End of file
